<?xml version="1.0" encoding="UTF-8"?>
<!-- Generated by org.testng.reporters.JUnitReportReporter -->
<testsuite hostname="DESKTOP-1S6H73A" failures="0" tests="4" name="TestCases.AddToCartTest" time="92.283" errors="0" timestamp="2023-12-30T12:22:56 IST" skipped="0">
  <testcase classname="TestCases.AddToCartTest" name="Tc_AddAddress_001_Test" time="22.395"/>
  <system-out/>
  <testcase classname="TestCases.AddToCartTest" name="Tc_AddAddress_001_Test" time="25.583"/>
  <system-out/>
  <testcase classname="TestCases.AddToCartTest" name="Tc_EndToEndCashOnDelivery_Test" time="22.607"/>
  <system-out/>
  <testcase classname="TestCases.AddToCartTest" name="EndToEnd_NetBanikng" time="21.698"/>
  <system-out/>
</testsuite> <!-- TestCases.AddToCartTest -->
